Arguments: 
  /Users/andreabaldo/.nvm/versions/node/v14.17.0/bin/node /Users/andreabaldo/.nvm/versions/node/v14.17.0/bin/yarn add -D @types/react-head

PATH: 
  /Users/andreabaldo/Library/Android/sdk/emulator:/Users/andreabaldo/Library/Android/sdk/tools:/Users/andreabaldo/Library/Android/sdk/platform-tools:/Users/andreabaldo/.nvm/versions/node/v14.17.0/bin:/Users/andreabaldo/Library/Android/sdk/emulator:/Users/andreabaldo/Library/Android/sdk/tools:/Users/andreabaldo/Library/Android/sdk/platform-tools:/Users/andreabaldo/.nvm/versions/node/v14.17.0/bin:/Users/andreabaldo/Library/Android/sdk/emulator:/Users/andreabaldo/Library/Android/sdk/tools:/Users/andreabaldo/Library/Android/sdk/platform-tools:/Users/andreabaldo/.nvm/versions/node/v14.17.0/bin:/usr/local/bin:/usr/bin:/bin:/usr/sbin:/sbin:/Library/Apple/usr/bin:/Users/andreabaldo/Library/Android/sdk/emulator:/Users/andreabaldo/Library/Android/sdk/tools:/Users/andreabaldo/Library/Android/sdk/platform-tools:/Users/andreabaldo/.nvm/versions/node/v14.17.0/bin:/opt/homebrew/bin:/opt/homebrew/sbin

Yarn version: 
  1.22.17

Node version: 
  14.17.0

Platform: 
  darwin arm64

Trace: 
  Error: https://registry.yarnpkg.com/@types%2freact-head: Not found
      at Request.params.callback [as _callback] (/Users/andreabaldo/.nvm/versions/node/v14.17.0/lib/node_modules/yarn/lib/cli.js:67029:18)
      at Request.self.callback (/Users/andreabaldo/.nvm/versions/node/v14.17.0/lib/node_modules/yarn/lib/cli.js:140883:22)
      at Request.emit (events.js:376:20)
      at Request.<anonymous> (/Users/andreabaldo/.nvm/versions/node/v14.17.0/lib/node_modules/yarn/lib/cli.js:141855:10)
      at Request.emit (events.js:376:20)
      at IncomingMessage.<anonymous> (/Users/andreabaldo/.nvm/versions/node/v14.17.0/lib/node_modules/yarn/lib/cli.js:141777:12)
      at Object.onceWrapper (events.js:482:28)
      at IncomingMessage.emit (events.js:388:22)
      at endReadableNT (internal/streams/readable.js:1336:12)
      at processTicksAndRejections (internal/process/task_queues.js:82:21)

npm manifest: 
  {
      "name": "andrixb.github.io",
      "version": "1.0.0",
      "private": true,
      "description": "andrixb.github.io",
      "homepage": "https://github.com/andrixb/andrixb",
      "author": "Andrea Baldo",
      "keywords": [
          "gatsby"
      ],
      "scripts": {
          "develop": "gatsby develop",
          "start": "gatsby develop",
          "build": "gatsby build",
          "serve": "gatsby serve",
          "clean": "gatsby clean",
          "prettier": "prettier --write .",
          "typecheck": "tsc --noEmit",
          "deploy": "gatsby build --prefix-paths && gh-pages -d public"
      },
      "dependencies": {
          "@mdx-js/mdx": "^1.6.22",
          "@mdx-js/react": "^1.6.22",
          "babel-plugin-styled-components": "^2.0.7",
          "gatsby": "^4.14.1",
          "gatsby-plugin-google-analytics": "^4.14.0",
          "gatsby-plugin-image": "^2.14.1",
          "gatsby-plugin-manifest": "^4.14.0",
          "gatsby-plugin-mdx": "^3.14.0",
          "gatsby-plugin-react-head": "^1.1.0",
          "gatsby-plugin-react-svg": "^3.1.0",
          "gatsby-plugin-sharp": "^4.14.1",
          "gatsby-plugin-sitemap": "^5.14.0",
          "gatsby-plugin-styled-components": "^5.14.0",
          "gatsby-source-filesystem": "^4.14.0",
          "gatsby-transformer-sharp": "^4.14.0",
          "react": "^17.0.1",
          "react-dom": "^17.0.1",
          "react-head": "^3.4.0",
          "react-helmet": "^6.1.0",
          "styled-components": "^5.3.5"
      },
      "devDependencies": {
          "@types/node": "^17.0.31",
          "@types/react": "^17.0.44",
          "@types/react-dom": "^17.0.16",
          "@types/styled-components": "^5.1.25",
          "gh-pages": "^4.0.0",
          "prettier": "2.6.2",
          "typescript": "^4.6.4"
      }
  }

yarn manifest: 
  No manifest

Lockfile: 
  No lockfile
